<?xml version="1.0" encoding="UTF-8"?>
<testng-results ignored="0" total="0" passed="0" failed="0" skipped="0">
  <reporter-output>
  </reporter-output>
  <suite started-at="2022-09-29T16:03:36 IST" name="Smoke Test Suite" finished-at="2022-09-29T16:03:36 IST" duration-ms="5">
    <groups>
    </groups>
    <test started-at="2022-09-29T16:03:36 IST" name="Smoke Test" finished-at="2022-09-29T16:03:36 IST" duration-ms="5">
    </test> <!-- Smoke Test -->
  </suite> <!-- Smoke Test Suite -->
</testng-results>
